[0m11:32:28.552958 [debug] [MainThread]: Sending event: {'category': 'dbt', 'action': 'invocation', 'label': 'start', 'context': [<snowplow_tracker.self_describing_json.SelfDescribingJson object at 0x0000020536F88560>, <snowplow_tracker.self_describing_json.SelfDescribingJson object at 0x0000020533768A10>, <snowplow_tracker.self_describing_json.SelfDescribingJson object at 0x00000205365795B0>]}


============================== 11:32:28.552958 | b809cc5b-a792-4125-9089-84bca2fe04fa ==============================
[0m11:32:28.552958 [info ] [MainThread]: Running with dbt=1.8.5
[0m11:32:28.552958 [debug] [MainThread]: running dbt with arguments {'printer_width': '80', 'indirect_selection': 'eager', 'log_cache_events': 'False', 'write_json': 'True', 'partial_parse': 'True', 'cache_selected_only': 'False', 'warn_error': 'None', 'version_check': 'True', 'fail_fast': 'False', 'log_path': 'logs', 'profiles_dir': 'C:\\Users\\pedro\\.dbt', 'debug': 'False', 'use_colors': 'True', 'use_experimental_parser': 'False', 'no_print': 'None', 'quiet': 'False', 'empty': 'None', 'log_format': 'default', 'introspect': 'True', 'warn_error_options': 'WarnErrorOptions(include=[], exclude=[])', 'static_parser': 'True', 'target_path': 'None', 'invocation_command': 'dbt init', 'send_anonymous_usage_stats': 'True'}
[0m11:32:28.575335 [warn ] [MainThread]: [ConfigFolderDirectory]: Unable to parse dict {'dir': WindowsPath('C:/Users/pedro/.dbt')}
[0m11:32:28.575335 [info ] [MainThread]: Creating dbt configuration folder at 
[0m11:32:38.857888 [debug] [MainThread]: Starter project path: C:\Users\pedro\workspace\projeto_etl_commodities\.venv\Lib\site-packages\dbt\include\starter_project
[0m11:32:38.878872 [info ] [MainThread]: 
Your new dbt project "databasecommodities" was created!

For more information on how to configure the profiles.yml file,
please consult the dbt documentation here:

  https://docs.getdbt.com/docs/configure-your-profile

One more thing:

Need help? Don't hesitate to reach out to us via GitHub issues or on Slack:

  https://community.getdbt.com/

Happy modeling!

[0m11:32:38.882319 [info ] [MainThread]: Setting up your profile.
[0m11:35:21.804927 [info ] [MainThread]: Profile databasecommodities written to C:\Users\pedro\.dbt\profiles.yml using target's profile_template.yml and your supplied values. Run 'dbt debug' to validate the connection.
[0m11:35:21.804927 [debug] [MainThread]: Command `dbt init` succeeded at 11:35:21.804927 after 173.60 seconds
[0m11:35:21.817464 [debug] [MainThread]: Sending event: {'category': 'dbt', 'action': 'invocation', 'label': 'end', 'context': [<snowplow_tracker.self_describing_json.SelfDescribingJson object at 0x000002053646A480>, <snowplow_tracker.self_describing_json.SelfDescribingJson object at 0x000002053720BD70>, <snowplow_tracker.self_describing_json.SelfDescribingJson object at 0x000002053719D640>]}
[0m11:35:21.817464 [debug] [MainThread]: Flushing usage events
